<?xml version="1.0" encoding="UTF-8"?>
<testng-results ignored="0" total="1" passed="0" failed="1" skipped="0">
  <reporter-output>
  </reporter-output>
  <suite started-at="2024-11-18T16:14:04 IST" name="Default suite" finished-at="2024-11-18T16:14:38 IST" duration-ms="34048">
    <groups>
    </groups>
    <test started-at="2024-11-18T16:14:04 IST" name="Default test" finished-at="2024-11-18T16:14:38 IST" duration-ms="34048">
      <class name="appiumDemoTest.LoginTest">
        <test-method is-config="true" signature="setUp()[pri:0, instance:appiumDemoTest.LoginTest@673fdbce]" started-at="2024-11-18T16:14:04 IST" name="setUp" finished-at="2024-11-18T16:14:37 IST" duration-ms="33060" status="PASS">
          <reporter-output>
          </reporter-output>
        </test-method> <!-- setUp -->
        <test-method signature="demoLogin()[pri:0, instance:appiumDemoTest.LoginTest@673fdbce]" started-at="2024-11-18T16:14:37 IST" name="demoLogin" finished-at="2024-11-18T16:14:37 IST" duration-ms="318" status="FAIL">
          <exception class="org.openqa.selenium.NoSuchElementException">
            <message>
              <![CDATA[An element could not be located on the page using the given search parameters.
For documentation on this error, please visit: https://www.selenium.dev/documentation/webdriver/troubleshooting/errors#no-such-element-exception
Build info: version: '4.11.0', revision: '040bc5406b'
System info: os.name: 'Windows 10', os.arch: 'amd64', os.version: '10.0', java.version: '18.0.1'
Driver info: io.appium.java_client.android.AndroidDriver
Command: [012846f1-cdc6-4033-b3b2-53b035c441bc, findElement {using=id, value=com.sourcey.materialloginexample:id/input_email}]
Capabilities {appium:MobileCapabilityType.APP_ACTIVITY: materialloginexample/com.so..., appium:MobileCapabilityType.APP_PACKAGE: com.sourcey.materialloginex..., appium:automationName: UiAutomator2, appium:databaseEnabled: false, appium:desired: {MobileCapabilityType.APP_ACTIVITY: materialloginexample/com.so..., MobileCapabilityType.APP_PACKAGE: com.sourcey.materialloginex..., automationName: UiAutomator2, deviceName: SmallPhoneB, platformName: ANDROID, platformVersion: 15, uiautomator2ServerLaunchTimeout: 60000}, appium:deviceApiLevel: 35, appium:deviceManufacturer: Google, appium:deviceModel: sdk_gphone64_x86_64, appium:deviceName: emulator-5554, appium:deviceScreenDensity: 320, appium:deviceScreenSize: 720x1280, appium:deviceUDID: emulator-5554, appium:javascriptEnabled: true, appium:locationContextEnabled: false, appium:networkConnectionEnabled: true, appium:pixelRatio: 2, appium:platformVersion: 15, appium:statBarHeight: 48, appium:takesScreenshot: true, appium:uiautomator2ServerLaunchTimeout: 60000, appium:viewportRect: {height: 1232, left: 0, top: 48, width: 720}, appium:warnings: {}, appium:webStorageEnabled: false, platformName: ANDROID}
Session ID: 012846f1-cdc6-4033-b3b2-53b035c441bc]]>
            </message>
            <full-stacktrace>
              <![CDATA[org.openqa.selenium.NoSuchElementException: An element could not be located on the page using the given search parameters.
For documentation on this error, please visit: https://www.selenium.dev/documentation/webdriver/troubleshooting/errors#no-such-element-exception
Build info: version: '4.11.0', revision: '040bc5406b'
System info: os.name: 'Windows 10', os.arch: 'amd64', os.version: '10.0', java.version: '18.0.1'
Driver info: io.appium.java_client.android.AndroidDriver
Command: [012846f1-cdc6-4033-b3b2-53b035c441bc, findElement {using=id, value=com.sourcey.materialloginexample:id/input_email}]
Capabilities {appium:MobileCapabilityType.APP_ACTIVITY: materialloginexample/com.so..., appium:MobileCapabilityType.APP_PACKAGE: com.sourcey.materialloginex..., appium:automationName: UiAutomator2, appium:databaseEnabled: false, appium:desired: {MobileCapabilityType.APP_ACTIVITY: materialloginexample/com.so..., MobileCapabilityType.APP_PACKAGE: com.sourcey.materialloginex..., automationName: UiAutomator2, deviceName: SmallPhoneB, platformName: ANDROID, platformVersion: 15, uiautomator2ServerLaunchTimeout: 60000}, appium:deviceApiLevel: 35, appium:deviceManufacturer: Google, appium:deviceModel: sdk_gphone64_x86_64, appium:deviceName: emulator-5554, appium:deviceScreenDensity: 320, appium:deviceScreenSize: 720x1280, appium:deviceUDID: emulator-5554, appium:javascriptEnabled: true, appium:locationContextEnabled: false, appium:networkConnectionEnabled: true, appium:pixelRatio: 2, appium:platformVersion: 15, appium:statBarHeight: 48, appium:takesScreenshot: true, appium:uiautomator2ServerLaunchTimeout: 60000, appium:viewportRect: {height: 1232, left: 0, top: 48, width: 720}, appium:warnings: {}, appium:webStorageEnabled: false, platformName: ANDROID}
Session ID: 012846f1-cdc6-4033-b3b2-53b035c441bc
at java.base/jdk.internal.reflect.DirectConstructorHandleAccessor.newInstance(DirectConstructorHandleAccessor.java:67)
at java.base/java.lang.reflect.Constructor.newInstanceWithCaller(Constructor.java:499)
at java.base/java.lang.reflect.Constructor.newInstance(Constructor.java:483)
at org.openqa.selenium.remote.codec.w3c.W3CHttpResponseCodec.createException(W3CHttpResponseCodec.java:200)
at org.openqa.selenium.remote.codec.w3c.W3CHttpResponseCodec.decode(W3CHttpResponseCodec.java:133)
at org.openqa.selenium.remote.codec.w3c.W3CHttpResponseCodec.decode(W3CHttpResponseCodec.java:52)
at org.openqa.selenium.remote.HttpCommandExecutor.execute(HttpCommandExecutor.java:191)
at io.appium.java_client.remote.AppiumCommandExecutor.execute(AppiumCommandExecutor.java:250)
at org.openqa.selenium.remote.RemoteWebDriver.execute(RemoteWebDriver.java:518)
at org.openqa.selenium.remote.ElementLocation$ElementFinder$2.findElement(ElementLocation.java:165)
at org.openqa.selenium.remote.ElementLocation.findElement(ElementLocation.java:66)
at org.openqa.selenium.remote.RemoteWebDriver.findElement(RemoteWebDriver.java:355)
at org.openqa.selenium.remote.RemoteWebDriver.findElement(RemoteWebDriver.java:349)
at appiumDemoPages.LoginPage.enterCred(LoginPage.java:30)
at appiumDemoTest.LoginTest.demoLogin(LoginTest.java:25)
at java.base/jdk.internal.reflect.DirectMethodHandleAccessor.invoke(DirectMethodHandleAccessor.java:104)
at java.base/java.lang.reflect.Method.invoke(Method.java:577)
at org.testng.internal.invokers.MethodInvocationHelper.invokeMethod(MethodInvocationHelper.java:141)
at org.testng.internal.invokers.TestInvoker.invokeMethod(TestInvoker.java:686)
at org.testng.internal.invokers.TestInvoker.invokeTestMethod(TestInvoker.java:230)
at org.testng.internal.invokers.MethodRunner.runInSequence(MethodRunner.java:63)
at org.testng.internal.invokers.TestInvoker$MethodInvocationAgent.invoke(TestInvoker.java:992)
at org.testng.internal.invokers.TestInvoker.invokeTestMethods(TestInvoker.java:203)
at org.testng.internal.invokers.TestMethodWorker.invokeTestMethods(TestMethodWorker.java:154)
at org.testng.internal.invokers.TestMethodWorker.run(TestMethodWorker.java:134)
at java.base/java.util.ArrayList.forEach(ArrayList.java:1511)
at org.testng.TestRunner.privateRun(TestRunner.java:739)
at org.testng.TestRunner.run(TestRunner.java:614)
at org.testng.SuiteRunner.runTest(SuiteRunner.java:421)
at org.testng.SuiteRunner.runSequentially(SuiteRunner.java:413)
at org.testng.SuiteRunner.privateRun(SuiteRunner.java:373)
at org.testng.SuiteRunner.run(SuiteRunner.java:312)
at org.testng.SuiteRunnerWorker.runSuite(SuiteRunnerWorker.java:52)
at org.testng.SuiteRunnerWorker.run(SuiteRunnerWorker.java:95)
at org.testng.TestNG.runSuitesSequentially(TestNG.java:1274)
at org.testng.TestNG.runSuitesLocally(TestNG.java:1208)
at org.testng.TestNG.runSuites(TestNG.java:1112)
at org.testng.TestNG.run(TestNG.java:1079)
at org.testng.remote.AbstractRemoteTestNG.run(AbstractRemoteTestNG.java:115)
at org.testng.remote.RemoteTestNG.initAndRun(RemoteTestNG.java:293)
at org.testng.remote.RemoteTestNG.main(RemoteTestNG.java:91)
]]>
            </full-stacktrace>
          </exception> <!-- org.openqa.selenium.NoSuchElementException -->
          <reporter-output>
          </reporter-output>
        </test-method> <!-- demoLogin -->
        <test-method is-config="true" signature="tearDown()[pri:0, instance:appiumDemoTest.LoginTest@673fdbce]" started-at="2024-11-18T16:14:37 IST" name="tearDown" finished-at="2024-11-18T16:14:38 IST" duration-ms="541" status="PASS">
          <reporter-output>
          </reporter-output>
        </test-method> <!-- tearDown -->
      </class> <!-- appiumDemoTest.LoginTest -->
    </test> <!-- Default test -->
  </suite> <!-- Default suite -->
</testng-results>
